<?xml version="1.0" encoding="UTF-8"?>
<!-- Generated by org.testng.reporters.JUnitReportReporter -->
<testsuite skipped="0" hostname="ASHU-PC" name="com.automation.test.InvalidLogin" tests="1" failures="0" timestamp="17 Aug 2017 12:59:35 GMT" time="17.196" errors="0">
  <testcase name="testInvalidLogin" time="17.196" classname="com.automation.test.InvalidLogin"/>
</testsuite> <!-- com.automation.test.InvalidLogin -->
