<?xml version="1.0" encoding="UTF-8"?>
<!-- Generated by org.testng.reporters.JUnitReportReporter -->
<testsuite hostname="ASHU-PC" name="com.automation.test.InvalidLogin" tests="1" failures="0" timestamp="17 Aug 2017 14:38:16 GMT" time="18.639" errors="0">
  <testcase name="testInvalidLogin" time="18.639" classname="com.automation.test.InvalidLogin"/>
</testsuite> <!-- com.automation.test.InvalidLogin -->
